c:\users\propietario\documents\7mo cuatri\ai2\ai2_2017\ai2_2017\x64\debug\ai2_2017d.pch
c:\users\propietario\documents\7mo cuatri\ai2\ai2_2017\ai2_2017\x64\debug\vc141.pdb
c:\users\propietario\documents\7mo cuatri\ai2\ai2_2017\ai2_2017\x64\debug\vc141.idb
c:\users\propietario\documents\7mo cuatri\ai2\ai2_2017\ai2_2017\x64\debug\stdafx.obj
c:\users\propietario\documents\7mo cuatri\ai2\ai2_2017\ai2_2017\x64\debug\state.obj
c:\users\propietario\documents\7mo cuatri\ai2\ai2_2017\ai2_2017\x64\debug\app.obj
c:\users\propietario\documents\7mo cuatri\ai2\ai2_2017\ai2_2017\x64\debug\ai2_2017.obj
c:\users\propietario\documents\7mo cuatri\ai2\ai2_2017\ai2_2017\x64\debug\screen.obj
c:\users\propietario\documents\7mo cuatri\ai2\ai2_2017\x64\debug\ai2_2017d.exe
c:\users\propietario\documents\7mo cuatri\ai2\ai2_2017\x64\debug\ai2_2017d.ilk
c:\users\propietario\documents\7mo cuatri\ai2\ai2_2017\x64\debug\ai2_2017d.pdb
c:\users\propietario\documents\7mo cuatri\ai2\ai2_2017\ai2_2017\x64\debug\ai2_2017.pch
c:\users\propietario\documents\7mo cuatri\ai2\ai2_2017\x64/debug/ai2_2017d.pdb
c:\users\propietario\documents\7mo cuatri\ai2\ai2_2017\x64/debug/ai2_2017d.exe
c:\users\propietario\documents\7mo cuatri\ai2\ai2_2017\x64/debug/ai2_2017d.ilk
c:\users\propietario\documents\7mo cuatri\ai2\ai2_2017\ai2_2017\x64\debug\ai2_2017.tlog\cl.command.1.tlog
c:\users\propietario\documents\7mo cuatri\ai2\ai2_2017\ai2_2017\x64\debug\ai2_2017.tlog\cl.read.1.tlog
c:\users\propietario\documents\7mo cuatri\ai2\ai2_2017\ai2_2017\x64\debug\ai2_2017.tlog\cl.write.1.tlog
c:\users\propietario\documents\7mo cuatri\ai2\ai2_2017\ai2_2017\x64\debug\ai2_2017.tlog\link.command.1.tlog
c:\users\propietario\documents\7mo cuatri\ai2\ai2_2017\ai2_2017\x64\debug\ai2_2017.tlog\link.read.1.tlog
c:\users\propietario\documents\7mo cuatri\ai2\ai2_2017\ai2_2017\x64\debug\ai2_2017.tlog\link.write.1.tlog
