c:\users\toa_l\documents\7mo cuatri\ai2\ai2_2017\x86\release\ai2_2017.ipdb
c:\users\toa_l\documents\7mo cuatri\ai2\ai2_2017\x86\release\ai2_2017.iobj
c:\users\toa_l\documents\7mo cuatri\ai2\ai2_2017\ai2_2017\release\ai2_2017.pch
c:\users\toa_l\documents\7mo cuatri\ai2\ai2_2017\ai2_2017\release\vc141.pdb
c:\users\toa_l\documents\7mo cuatri\ai2\ai2_2017\ai2_2017\release\stdafx.obj
c:\users\toa_l\documents\7mo cuatri\ai2\ai2_2017\ai2_2017\release\state.obj
c:\users\toa_l\documents\7mo cuatri\ai2\ai2_2017\ai2_2017\release\app.obj
c:\users\toa_l\documents\7mo cuatri\ai2\ai2_2017\ai2_2017\release\screen.obj
c:\users\toa_l\documents\7mo cuatri\ai2\ai2_2017\ai2_2017\release\ai2_2017.obj
c:\users\toa_l\documents\7mo cuatri\ai2\ai2_2017\x86\release\ai2_2017.exe
c:\users\toa_l\documents\7mo cuatri\ai2\ai2_2017\x86\release\ai2_2017.pdb
c:\users\toa_l\documents\7mo cuatri\ai2\ai2_2017\x86/release/ai2_2017.pdb
c:\users\toa_l\documents\7mo cuatri\ai2\ai2_2017\x86/release/ai2_2017.exe
c:\users\toa_l\documents\7mo cuatri\ai2\ai2_2017\ai2_2017\release\ai2_2017.tlog\ai2_2017.write.1u.tlog
c:\users\toa_l\documents\7mo cuatri\ai2\ai2_2017\ai2_2017\release\ai2_2017.tlog\cl.command.1.tlog
c:\users\toa_l\documents\7mo cuatri\ai2\ai2_2017\ai2_2017\release\ai2_2017.tlog\cl.read.1.tlog
c:\users\toa_l\documents\7mo cuatri\ai2\ai2_2017\ai2_2017\release\ai2_2017.tlog\cl.write.1.tlog
c:\users\toa_l\documents\7mo cuatri\ai2\ai2_2017\ai2_2017\release\ai2_2017.tlog\link.command.1.tlog
c:\users\toa_l\documents\7mo cuatri\ai2\ai2_2017\ai2_2017\release\ai2_2017.tlog\link.read.1.tlog
c:\users\toa_l\documents\7mo cuatri\ai2\ai2_2017\ai2_2017\release\ai2_2017.tlog\link.write.1.tlog
